<?xml version="1.0" encoding="UTF-8"?>
<!-- Generated by org.testng.reporters.JUnitReportReporter -->
<testsuite hostname="DESKTOP-LE5A5LE" failures="0" tests="1" name="task.SortSearchResultByValue" time="31.208" errors="0" timestamp="2024-10-01T14:17:57 IST" skipped="0">
  <testcase classname="task.SortSearchResultByValue" name="printPriceandName" time="31.208"/>
  <system-out/>
</testsuite> <!-- task.SortSearchResultByValue -->
